<?xml version="1.0" encoding="UTF-8"?>
<!-- Generated by org.testng.reporters.JUnitReportReporter -->
<testsuite hostname="LAPTOP-VGU9GHQP" failures="0" tests="4" name="com.ittrident.test.CRUDPETS" time="5.102" errors="0" timestamp="25 Apr 2020 20:05:00 GMT" skipped="0">
  <testcase classname="com.ittrident.test.CRUDPETS" name="taskTestUpdate" time="1.206"/>
  <testcase classname="com.ittrident.test.CRUDPETS" name="taskTest" time="0.718"/>
  <testcase classname="com.ittrident.test.CRUDPETS" name="taskTestPOST" time="2.484"/>
  <testcase classname="com.ittrident.test.CRUDPETS" name="taskTestDelete" time="0.694"/>
</testsuite> <!-- com.ittrident.test.CRUDPETS -->
