<?xml version="1.0" encoding="UTF-8"?>
<!-- Generated by org.testng.reporters.JUnitReportReporter -->
<testsuite hostname="LAPTOP-VGU9GHQP" failures="0" tests="4" name="com.hs.test.CRUDPETS" time="5.932" errors="0" timestamp="25 Apr 2020 21:31:54 GMT" skipped="0">
  <testcase classname="com.hs.test.CRUDPETS" name="taskTestUpdate" time="1.210"/>
  <testcase classname="com.hs.test.CRUDPETS" name="taskTest" time="0.712"/>
  <testcase classname="com.hs.test.CRUDPETS" name="taskTestPOST" time="3.303"/>
  <testcase classname="com.hs.test.CRUDPETS" name="taskTestDelete" time="0.707"/>
</testsuite> <!-- com.hs.test.CRUDPETS -->
