<?xml version="1.0" encoding="UTF-8"?>
<!-- Generated by org.testng.reporters.JUnitReportReporter -->
<testsuite hostname="LAPTOP-VGU9GHQP" failures="0" tests="4" name="com.ittrident.test.MonicaTest" time="5.101" errors="0" timestamp="25 Apr 2020 18:48:22 GMT" skipped="0">
  <testcase classname="com.ittrident.test.MonicaTest" name="taskTestDelete" time="0.738"/>
  <testcase classname="com.ittrident.test.MonicaTest" name="taskTestPOST" time="2.849"/>
  <testcase classname="com.ittrident.test.MonicaTest" name="taskTestUpdate" time="0.785"/>
  <testcase classname="com.ittrident.test.MonicaTest" name="taskTest" time="0.729"/>
</testsuite> <!-- com.ittrident.test.MonicaTest -->
